TN:
SF:src/server.ts
FN:25,(anonymous_0)
FN:30,(anonymous_1)
FNF:2
FNH:0
FNDA:0,(anonymous_0)
FNDA:0,(anonymous_1)
DA:9,0
DA:14,0
DA:20,0
DA:21,0
DA:22,0
DA:25,0
DA:26,0
DA:30,0
DA:31,0
DA:32,0
DA:33,0
DA:34,0
DA:36,0
DA:37,0
DA:41,0
LF:15
LH:0
BRDA:32,0,0,0
BRDA:32,0,1,0
BRF:2
BRH:0
end_of_record
TN:
SF:src/agents/config.ts
FN:44,(anonymous_0)
FNF:1
FNH:0
FNDA:0,(anonymous_0)
DA:20,0
DA:25,0
DA:37,0
DA:42,0
DA:43,0
DA:44,0
DA:46,0
LF:7
LH:0
BRDA:37,0,0,0
BRDA:37,0,1,0
BRDA:42,1,0,0
BRDA:42,1,1,0
BRF:4
BRH:0
end_of_record
TN:
SF:src/agents/narrative/tools/extract_chart_data.ts
FN:22,(anonymous_0)
FN:68,(anonymous_1)
FN:69,(anonymous_2)
FN:80,(anonymous_3)
FNF:4
FNH:4
FNDA:9,(anonymous_0)
FNDA:12,(anonymous_1)
FNDA:12,(anonymous_2)
FNDA:6,(anonymous_3)
DA:12,1
DA:23,9
DA:25,9
DA:26,9
DA:29,9
DA:31,8
DA:33,3
DA:41,5
DA:42,5
DA:51,5
DA:52,6
DA:54,6
DA:56,18
DA:57,14
DA:58,14
DA:68,12
DA:69,5
DA:70,12
DA:71,12
DA:74,5
DA:80,6
DA:86,1
DA:87,1
LF:23
LH:23
BRDA:22,0,0,9
BRDA:31,1,0,3
BRDA:31,1,1,5
BRDA:52,2,0,6
BRDA:52,2,1,0
BRDA:57,3,0,14
BRDA:57,3,1,0
BRDA:57,4,0,14
BRDA:57,4,1,14
BRDA:71,5,0,12
BRDA:71,5,1,0
BRF:11
BRH:8
end_of_record
TN:
SF:src/agents/narrative/tools/save_comic_manifest.ts
FN:40,(anonymous_0)
FNF:1
FNH:0
FNDA:0,(anonymous_0)
DA:6,0
DA:41,0
DA:44,0
DA:45,0
DA:46,0
DA:47,0
DA:48,0
DA:50,0
DA:53,0
LF:9
LH:0
BRF:0
BRH:0
end_of_record
TN:
SF:src/agents/scientist/toolsets.ts
FNF:0
FNH:0
DA:4,0
DA:23,0
LF:2
LH:0
BRF:0
BRH:0
end_of_record
TN:
SF:src/agents/scientist/tools/analyze-figures.ts
FN:12,(anonymous_0)
FN:61,(anonymous_1)
FN:72,(anonymous_2)
FN:106,extractMetricsFromTable
FNF:4
FNH:1
FNDA:2,(anonymous_0)
FNDA:0,(anonymous_1)
FNDA:0,(anonymous_2)
FNDA:0,extractMetricsFromTable
DA:5,1
DA:13,2
DA:16,2
DA:17,2
DA:23,0
DA:24,0
DA:26,0
DA:27,0
DA:28,0
DA:32,0
DA:33,0
DA:35,0
DA:36,0
DA:40,0
DA:41,2
DA:43,2
DA:44,2
DA:47,0
DA:48,0
DA:50,0
DA:53,0
DA:56,0
DA:57,0
DA:60,0
DA:61,0
DA:62,0
DA:71,0
DA:72,0
DA:73,0
DA:83,0
DA:93,0
DA:96,0
DA:97,0
DA:107,0
DA:108,0
DA:110,0
LF:36
LH:7
BRDA:16,0,0,2
BRDA:16,0,1,0
BRDA:40,1,0,0
BRDA:40,1,1,0
BRDA:60,2,0,0
BRDA:60,2,1,0
BRDA:65,3,0,0
BRDA:65,3,1,0
BRDA:71,4,0,0
BRDA:71,4,1,0
BRDA:76,5,0,0
BRDA:76,5,1,0
BRDA:99,6,0,0
BRDA:99,6,1,0
BRDA:107,7,0,0
BRDA:107,7,1,0
BRDA:107,8,0,0
BRDA:107,8,1,0
BRF:18
BRH:1
end_of_record
TN:
SF:src/agents/scientist/tools/grade-documents.ts
FN:37,gradeDocuments
FN:110,(anonymous_1)
FN:121,(anonymous_2)
FN:122,(anonymous_3)
FN:125,(anonymous_4)
FNF:5
FNH:5
FNDA:5,gradeDocuments
FNDA:4,(anonymous_1)
FNDA:24,(anonymous_2)
FNDA:17,(anonymous_3)
FNDA:14,(anonymous_4)
DA:11,1
DA:42,5
DA:44,5
DA:45,1
DA:46,1
DA:54,4
DA:55,4
DA:59,4
DA:60,3
DA:63,5
DA:64,5
DA:65,1
DA:67,1
DA:68,1
DA:76,2
DA:77,2
DA:79,5
DA:81,5
DA:88,1
DA:90,1
DA:91,1
DA:103,1
DA:111,4
DA:115,4
DA:116,4
DA:119,4
DA:121,24
DA:122,17
DA:125,14
DA:126,4
DA:133,4
DA:134,1
DA:135,1
DA:136,1
DA:137,1
DA:138,3
DA:139,1
DA:140,1
DA:141,1
DA:142,1
DA:143,2
DA:144,1
DA:145,1
DA:146,1
DA:147,1
DA:149,1
DA:150,1
DA:151,1
DA:152,1
DA:155,4
LF:50
LH:50
BRDA:44,0,0,1
BRDA:44,0,1,4
BRDA:44,1,0,5
BRDA:44,1,1,4
BRDA:60,2,0,2
BRDA:60,2,1,1
BRDA:64,3,0,1
BRDA:64,3,1,4
BRDA:71,4,0,1
BRDA:71,4,1,0
BRDA:79,5,0,1
BRDA:79,5,1,1
BRDA:84,6,0,1
BRDA:84,6,1,1
BRDA:85,7,0,5
BRDA:85,7,1,0
BRDA:94,8,0,1
BRDA:94,8,1,0
BRDA:126,9,0,4
BRDA:126,9,1,0
BRDA:133,10,0,1
BRDA:133,10,1,3
BRDA:138,11,0,1
BRDA:138,11,1,2
BRDA:143,12,0,1
BRDA:143,12,1,1
BRF:26
BRH:22
end_of_record
TN:
SF:src/agents/scientist/tools/guardrail.ts
FN:39,evaluateGuardrail
FN:88,(anonymous_1)
FN:100,(anonymous_2)
FNF:3
FNH:3
FNDA:5,evaluateGuardrail
FNDA:5,(anonymous_1)
FNDA:90,(anonymous_2)
DA:11,1
DA:44,5
DA:46,5
DA:47,5
DA:50,5
DA:51,4
DA:54,5
DA:55,5
DA:56,1
DA:57,1
DA:60,3
DA:61,3
DA:62,5
DA:64,5
DA:66,5
DA:72,1
DA:74,1
DA:81,1
DA:91,5
DA:95,5
DA:99,5
DA:100,90
DA:105,5
DA:106,1
DA:107,1
DA:108,4
DA:109,2
DA:110,2
DA:111,2
DA:112,1
DA:113,1
DA:115,1
DA:116,1
DA:119,5
LF:34
LH:34
BRDA:42,0,0,5
BRDA:51,1,0,3
BRDA:51,1,1,1
BRDA:55,2,0,1
BRDA:55,2,1,4
BRDA:61,3,0,3
BRDA:61,3,1,0
BRDA:62,4,0,5
BRDA:62,4,1,0
BRDA:88,5,0,5
BRDA:105,6,0,1
BRDA:105,6,1,4
BRDA:108,7,0,2
BRDA:108,7,1,2
BRDA:111,8,0,1
BRDA:111,8,1,1
BRDA:111,9,0,2
BRDA:111,9,1,1
BRDA:111,9,2,1
BRF:19
BRH:17
end_of_record
TN:
SF:src/agents/scientist/tools/hybrid-search.ts
FN:16,getSearchClient
FN:41,hybridSearch
FN:85,(anonymous_2)
FN:119,(anonymous_3)
FN:136,(anonymous_4)
FN:153,(anonymous_5)
FNF:6
FNH:6
FNDA:8,getSearchClient
FNDA:8,hybridSearch
FNDA:16,(anonymous_2)
FNDA:5,(anonymous_3)
FNDA:10,(anonymous_4)
FNDA:10,(anonymous_5)
DA:14,1
DA:17,8
DA:18,1
DA:20,8
DA:50,8
DA:51,8
DA:53,8
DA:55,8
DA:57,8
DA:61,8
DA:63,8
DA:65,8
DA:70,8
DA:73,0
DA:77,0
DA:80,8
DA:82,8
DA:85,16
DA:97,0
DA:98,0
DA:110,1
DA:120,5
DA:122,5
DA:123,5
DA:125,5
DA:126,0
DA:136,10
DA:146,5
DA:153,10
DA:156,0
DA:157,0
LF:31
LH:24
BRDA:17,0,0,1
BRDA:17,0,1,7
BRDA:43,1,0,8
BRDA:50,2,0,8
BRDA:50,3,0,8
BRDA:50,4,0,8
BRDA:61,5,0,8
BRDA:61,5,1,0
BRDA:92,6,0,8
BRDA:92,6,1,8
BRDA:119,7,0,5
BRDA:119,8,0,5
BRDA:125,9,0,0
BRDA:125,9,1,5
BRDA:141,10,0,10
BRDA:141,10,1,0
BRDA:142,11,0,0
BRDA:142,11,1,10
BRF:18
BRH:14
end_of_record
TN:
SF:src/agents/scientist/tools/rewrite-query.ts
FN:38,rewriteQuery
FN:99,(anonymous_1)
FN:131,(anonymous_2)
FNF:3
FNH:3
FNDA:6,rewriteQuery
FNDA:8,(anonymous_1)
FNDA:16,(anonymous_2)
DA:10,1
DA:42,6
DA:44,6
DA:45,6
DA:47,6
DA:48,5
DA:51,6
DA:52,6
DA:53,1
DA:55,1
DA:56,1
DA:63,4
DA:64,4
DA:66,6
DA:67,1
DA:70,3
DA:72,3
DA:78,2
DA:80,2
DA:81,2
DA:92,1
DA:100,8
DA:103,8
DA:115,8
DA:116,8
DA:119,8
DA:120,8
DA:121,72
DA:123,5
DA:124,5
DA:129,8
DA:130,4
DA:131,16
DA:132,4
DA:133,4
DA:134,4
DA:139,8
DA:140,7
DA:141,7
DA:144,8
DA:148,8
LF:41
LH:41
BRDA:48,0,0,4
BRDA:48,0,1,1
BRDA:52,1,0,1
BRDA:52,1,1,5
BRDA:64,2,0,4
BRDA:64,2,1,2
BRDA:66,3,0,1
BRDA:66,3,1,5
BRDA:75,4,0,3
BRDA:75,4,1,0
BRDA:99,5,0,8
BRDA:121,6,0,5
BRDA:121,6,1,67
BRDA:121,7,0,72
BRDA:121,7,1,6
BRDA:129,8,0,4
BRDA:129,8,1,4
BRDA:132,9,0,4
BRDA:132,9,1,0
BRDA:139,10,0,7
BRDA:139,10,1,1
BRDA:139,11,0,8
BRDA:139,11,1,7
BRDA:144,12,0,8
BRDA:144,12,1,0
BRF:25
BRH:22
end_of_record
TN:
SF:src/agents/validator/tools/validate_comic_manifest.ts
FN:10,(anonymous_0)
FN:20,(anonymous_1)
FN:27,(anonymous_2)
FN:29,(anonymous_3)
FNF:4
FNH:4
FNDA:18,(anonymous_0)
FNDA:17,(anonymous_1)
FNDA:128,(anonymous_2)
FNDA:17,(anonymous_3)
DA:4,1
DA:11,18
DA:12,18
DA:13,18
DA:16,18
DA:17,17
DA:20,17
DA:21,17
DA:22,17
DA:23,1
DA:24,1
DA:27,128
DA:29,16
DA:30,17
DA:33,17
DA:34,17
DA:35,1
DA:36,1
DA:39,16
DA:42,16
DA:43,16
DA:44,16
DA:45,16
DA:48,16
DA:49,45
DA:50,132
DA:51,124
DA:52,4
DA:54,124
DA:60,16
DA:61,1
DA:66,18
DA:67,13
DA:70,4
DA:72,1
LF:35
LH:35
BRDA:16,0,0,1
BRDA:16,0,1,17
BRDA:17,1,0,1
BRDA:17,1,1,16
BRDA:21,2,0,1
BRDA:21,2,1,16
BRDA:22,3,0,1
BRDA:22,3,1,16
BRDA:30,4,0,17
BRDA:30,4,1,0
BRDA:33,5,0,1
BRDA:33,5,1,16
BRDA:34,6,0,1
BRDA:34,6,1,16
BRDA:42,7,0,2
BRDA:42,7,1,14
BRDA:42,8,0,16
BRDA:42,8,1,15
BRDA:43,9,0,1
BRDA:43,9,1,15
BRDA:43,10,0,16
BRDA:43,10,1,16
BRDA:44,11,0,2
BRDA:44,11,1,14
BRDA:45,12,0,2
BRDA:45,12,1,14
BRDA:50,13,0,124
BRDA:50,13,1,8
BRDA:50,14,0,132
BRDA:50,14,1,132
BRDA:50,14,2,129
BRDA:50,14,3,127
BRDA:51,15,0,4
BRDA:51,15,1,120
BRDA:60,16,0,1
BRDA:60,16,1,15
BRDA:60,17,0,16
BRDA:60,17,1,2
BRDA:66,18,0,13
BRDA:66,18,1,5
BRF:40
BRH:39
end_of_record
TN:
SF:src/agents/validator/tools/validate_scenegraph.ts
FN:36,(anonymous_0)
FN:50,(anonymous_1)
FN:69,(anonymous_2)
FNF:3
FNH:3
FNDA:6,(anonymous_0)
FNDA:25,(anonymous_1)
FNDA:7,(anonymous_2)
DA:6,1
DA:20,1
DA:23,1
DA:36,6
DA:44,1
DA:51,25
DA:54,25
DA:55,25
DA:57,2
DA:61,23
DA:63,23
DA:65,16
DA:69,7
DA:70,7
DA:73,0
LF:15
LH:14
BRDA:63,0,0,16
BRDA:63,0,1,7
BRF:2
BRH:2
end_of_record
TN:
SF:src/config/env.ts
FN:26,(anonymous_0)
FN:37,(anonymous_1)
FN:41,(anonymous_2)
FNF:3
FNH:0
FNDA:0,(anonymous_0)
FNDA:0,(anonymous_1)
FNDA:0,(anonymous_2)
DA:4,0
DA:26,0
DA:33,0
DA:35,0
DA:36,0
DA:37,0
DA:38,0
DA:41,0
DA:42,0
DA:43,0
DA:46,0
DA:49,0
LF:12
LH:0
BRDA:35,0,0,0
BRDA:35,0,1,0
BRDA:42,1,0,0
BRDA:42,1,1,0
BRDA:42,2,0,0
BRDA:42,2,1,0
BRF:6
BRH:0
end_of_record
TN:
SF:src/core/resilient-llm.ts
FN:25,(anonymous_0)
FN:42,(anonymous_1)
FN:55,(anonymous_2)
FN:99,(anonymous_3)
FN:182,(anonymous_4)
FN:193,(anonymous_5)
FN:226,(anonymous_6)
FN:292,(anonymous_7)
FN:330,(anonymous_8)
FN:343,(anonymous_9)
FN:351,(anonymous_10)
FN:374,(anonymous_11)
FN:374,(anonymous_12)
FN:377,(anonymous_13)
FN:377,(anonymous_14)
FN:410,(anonymous_15)
FN:410,(anonymous_16)
FN:439,(anonymous_17)
FN:442,(anonymous_18)
FN:456,(anonymous_19)
FN:482,(anonymous_20)
FNF:21
FNH:2
FNDA:7,(anonymous_0)
FNDA:0,(anonymous_1)
FNDA:0,(anonymous_2)
FNDA:0,(anonymous_3)
FNDA:0,(anonymous_4)
FNDA:0,(anonymous_5)
FNDA:0,(anonymous_6)
FNDA:0,(anonymous_7)
FNDA:0,(anonymous_8)
FNDA:0,(anonymous_9)
FNDA:0,(anonymous_10)
FNDA:0,(anonymous_11)
FNDA:0,(anonymous_12)
FNDA:0,(anonymous_13)
FNDA:0,(anonymous_14)
FNDA:0,(anonymous_15)
FNDA:0,(anonymous_16)
FNDA:0,(anonymous_17)
FNDA:0,(anonymous_18)
FNDA:0,(anonymous_19)
FNDA:1,(anonymous_20)
DA:22,7
DA:23,7
DA:26,7
DA:27,7
DA:28,7
DA:30,7
DA:31,1
DA:36,7
DA:48,0
DA:49,0
DA:50,0
DA:55,0
DA:56,0
DA:58,0
DA:59,0
DA:62,0
DA:63,0
DA:65,0
DA:67,0
DA:68,0
DA:69,0
DA:70,0
DA:74,0
DA:75,0
DA:76,0
DA:77,0
DA:80,0
DA:81,0
DA:84,0
DA:87,0
DA:88,0
DA:93,0
DA:105,0
DA:106,0
DA:108,0
DA:114,0
DA:115,0
DA:116,0
DA:119,0
DA:120,0
DA:131,0
DA:132,0
DA:133,0
DA:134,0
DA:136,0
DA:137,0
DA:138,0
DA:144,0
DA:146,0
DA:148,0
DA:150,0
DA:151,0
DA:153,0
DA:155,0
DA:156,0
DA:174,0
DA:178,0
DA:183,0
DA:185,0
DA:186,0
DA:187,0
DA:190,0
DA:193,0
DA:194,0
DA:195,0
DA:196,0
DA:197,0
DA:199,0
DA:200,0
DA:212,0
DA:227,0
DA:231,0
DA:234,0
DA:235,0
DA:239,0
DA:240,0
DA:242,0
DA:243,0
DA:244,0
DA:245,0
DA:247,0
DA:250,0
DA:252,0
DA:253,0
DA:254,0
DA:255,0
DA:256,0
DA:259,0
DA:261,0
DA:262,0
DA:263,0
DA:264,0
DA:266,0
DA:269,0
DA:270,0
DA:271,0
DA:279,0
DA:281,0
DA:289,0
DA:293,0
DA:294,0
DA:295,0
DA:297,0
DA:298,0
DA:299,0
DA:301,0
DA:302,0
DA:303,0
DA:305,0
DA:306,0
DA:307,0
DA:309,0
DA:310,0
DA:311,0
DA:312,0
DA:314,0
DA:332,0
DA:333,0
DA:336,0
DA:337,0
DA:340,0
DA:344,0
DA:347,0
DA:348,0
DA:349,0
DA:351,0
DA:354,0
DA:355,0
DA:356,0
DA:357,0
DA:361,0
DA:366,0
DA:369,0
DA:370,0
DA:371,0
DA:374,0
DA:377,0
DA:381,0
DA:382,0
DA:384,0
DA:394,0
DA:399,0
DA:400,0
DA:401,0
DA:402,0
DA:403,0
DA:404,0
DA:410,0
DA:411,0
DA:413,0
DA:417,0
DA:425,0
DA:426,0
DA:433,0
DA:436,0
DA:440,0
DA:442,0
DA:443,0
DA:444,0
DA:445,0
DA:457,0
DA:459,0
DA:460,0
DA:463,0
DA:464,0
DA:465,0
DA:466,0
DA:479,0
DA:483,1
LF:169
LH:9
BRDA:28,0,0,7
BRDA:28,0,1,1
BRDA:28,0,2,1
BRDA:30,1,0,1
BRDA:30,1,1,6
BRDA:56,2,0,0
BRDA:56,2,1,0
BRDA:58,3,0,0
BRDA:58,3,1,0
BRDA:58,4,0,0
BRDA:58,4,1,0
BRDA:67,5,0,0
BRDA:67,5,1,0
BRDA:74,6,0,0
BRDA:74,6,1,0
BRDA:74,7,0,0
BRDA:74,7,1,0
BRDA:84,8,0,0
BRDA:84,8,1,0
BRDA:114,9,0,0
BRDA:114,9,1,0
BRDA:131,10,0,0
BRDA:131,10,1,0
BRDA:132,11,0,0
BRDA:132,11,1,0
BRDA:144,12,0,0
BRDA:144,12,1,0
BRDA:144,12,2,0
BRDA:146,13,0,0
BRDA:146,13,1,0
BRDA:153,14,0,0
BRDA:153,14,1,0
BRDA:167,15,0,0
BRDA:167,15,1,0
BRDA:185,16,0,0
BRDA:185,16,1,0
BRDA:194,17,0,0
BRDA:194,17,1,0
BRDA:194,18,0,0
BRDA:194,18,1,0
BRDA:194,18,2,0
BRDA:196,19,0,0
BRDA:196,19,1,0
BRDA:217,20,0,0
BRDA:217,20,1,0
BRDA:218,21,0,0
BRDA:218,21,1,0
BRDA:242,22,0,0
BRDA:242,22,1,0
BRDA:259,23,0,0
BRDA:259,23,1,0
BRDA:261,24,0,0
BRDA:261,24,1,0
BRDA:263,25,0,0
BRDA:263,25,1,0
BRDA:269,26,0,0
BRDA:269,26,1,0
BRDA:281,27,0,0
BRDA:281,27,1,0
BRDA:281,28,0,0
BRDA:281,28,1,0
BRDA:299,29,0,0
BRDA:299,29,1,0
BRDA:303,30,0,0
BRDA:303,30,1,0
BRDA:306,31,0,0
BRDA:306,31,1,0
BRDA:307,32,0,0
BRDA:307,32,1,0
BRDA:312,33,0,0
BRDA:312,33,1,0
BRDA:332,34,0,0
BRDA:332,34,1,0
BRDA:332,35,0,0
BRDA:332,35,1,0
BRDA:336,36,0,0
BRDA:336,36,1,0
BRDA:348,37,0,0
BRDA:348,37,1,0
BRDA:349,38,0,0
BRDA:349,38,1,0
BRDA:354,39,0,0
BRDA:354,39,1,0
BRDA:356,40,0,0
BRDA:356,40,1,0
BRDA:356,41,0,0
BRDA:356,41,1,0
BRDA:361,42,0,0
BRDA:361,42,1,0
BRDA:370,43,0,0
BRDA:370,43,1,0
BRDA:371,44,0,0
BRDA:371,44,1,0
BRDA:382,45,0,0
BRDA:382,45,1,0
BRDA:394,46,0,0
BRDA:394,46,1,0
BRDA:402,47,0,0
BRDA:402,47,1,0
BRDA:403,48,0,0
BRDA:403,48,1,0
BRDA:411,49,0,0
BRDA:411,49,1,0
BRDA:413,50,0,0
BRDA:413,50,1,0
BRDA:413,51,0,0
BRDA:413,51,1,0
BRDA:419,52,0,0
BRDA:419,52,1,0
BRDA:425,53,0,0
BRDA:425,53,1,0
BRDA:425,54,0,0
BRDA:425,54,1,0
BRDA:428,55,0,0
BRDA:428,55,1,0
BRDA:429,56,0,0
BRDA:429,56,1,0
BRDA:440,57,0,0
BRDA:440,57,1,0
BRDA:444,58,0,0
BRDA:444,58,1,0
BRDA:459,59,0,0
BRDA:459,59,1,0
BRDA:463,60,0,0
BRDA:463,60,1,0
BRDA:469,61,0,0
BRDA:469,61,1,0
BRF:127
BRH:5
end_of_record
TN:
SF:src/routes/agent.ts
FN:7,agentRoutes
FN:8,(anonymous_1)
FN:41,(anonymous_2)
FN:53,(anonymous_3)
FN:89,(anonymous_4)
FN:97,(anonymous_5)
FN:106,(anonymous_6)
FN:117,(anonymous_7)
FNF:8
FNH:0
FNDA:0,agentRoutes
FNDA:0,(anonymous_1)
FNDA:0,(anonymous_2)
FNDA:0,(anonymous_3)
FNDA:0,(anonymous_4)
FNDA:0,(anonymous_5)
FNDA:0,(anonymous_6)
FNDA:0,(anonymous_7)
DA:8,0
DA:9,0
DA:11,0
DA:12,0
DA:16,0
DA:17,0
DA:19,0
DA:20,0
DA:23,0
DA:30,0
DA:33,0
DA:34,0
DA:35,0
DA:38,0
DA:41,0
DA:42,0
DA:43,0
DA:45,0
DA:46,0
DA:47,0
DA:48,0
DA:52,0
DA:53,0
DA:54,0
DA:61,0
DA:64,0
DA:65,0
DA:66,0
DA:67,0
DA:71,0
DA:72,0
DA:73,0
DA:77,0
DA:78,0
DA:79,0
DA:83,0
DA:89,0
DA:90,0
DA:91,0
DA:92,0
DA:93,0
DA:97,0
DA:98,0
DA:99,0
DA:100,0
DA:101,0
DA:102,0
DA:106,0
DA:107,0
DA:108,0
DA:109,0
DA:112,0
DA:113,0
DA:114,0
DA:117,0
DA:118,0
DA:119,0
LF:57
LH:0
BRDA:11,0,0,0
BRDA:11,0,1,0
BRDA:45,1,0,0
BRDA:45,1,1,0
BRDA:52,2,0,0
BRDA:52,2,1,0
BRDA:52,3,0,0
BRDA:52,3,1,0
BRDA:52,3,2,0
BRDA:64,4,0,0
BRDA:64,4,1,0
BRDA:64,5,0,0
BRDA:64,5,1,0
BRDA:66,6,0,0
BRDA:66,6,1,0
BRDA:72,7,0,0
BRDA:72,7,1,0
BRDA:78,8,0,0
BRDA:78,8,1,0
BRDA:90,9,0,0
BRDA:90,9,1,0
BRDA:98,10,0,0
BRDA:98,10,1,0
BRDA:99,11,0,0
BRDA:99,11,1,0
BRF:25
BRH:0
end_of_record
TN:
SF:src/routes/analytics.ts
FN:4,analyticsRoutes
FN:5,(anonymous_1)
FNF:2
FNH:0
FNDA:0,analyticsRoutes
FNDA:0,(anonymous_1)
DA:5,0
DA:6,0
DA:8,0
DA:24,0
DA:25,0
DA:26,0
DA:29,0
DA:31,0
DA:32,0
LF:9
LH:0
BRDA:24,0,0,0
BRDA:24,0,1,0
BRF:2
BRH:0
end_of_record
TN:
SF:src/routes/voiceover.ts
FN:13,voiceoverRoutes
FN:19,(anonymous_1)
FN:60,(anonymous_2)
FNF:3
FNH:0
FNDA:0,voiceoverRoutes
FNDA:0,(anonymous_1)
FNDA:0,(anonymous_2)
DA:19,0
DA:20,0
DA:22,0
DA:23,0
DA:29,0
DA:30,0
DA:36,0
DA:37,0
DA:43,0
DA:48,0
DA:49,0
DA:60,0
DA:61,0
LF:13
LH:0
BRDA:22,0,0,0
BRDA:22,0,1,0
BRDA:22,1,0,0
BRDA:22,1,1,0
BRDA:36,2,0,0
BRDA:36,2,1,0
BRDA:51,3,0,0
BRDA:51,3,1,0
BRF:8
BRH:0
end_of_record
TN:
SF:src/services/db.ts
FN:22,(anonymous_0)
FN:39,(anonymous_1)
FNF:2
FNH:0
FNDA:0,(anonymous_0)
FNDA:0,(anonymous_1)
DA:18,0
DA:23,0
DA:29,0
DA:30,0
DA:31,0
DA:33,0
DA:40,0
DA:45,0
DA:46,0
LF:9
LH:0
BRDA:29,0,0,0
BRDA:29,0,1,0
BRDA:45,1,0,0
BRDA:45,1,1,0
BRF:4
BRH:0
end_of_record
TN:
SF:src/services/embeddings.ts
FN:6,getClient
FN:18,generateEmbedding
FN:57,generateEmbeddingsBatch
FN:64,(anonymous_3)
FNF:4
FNH:4
FNDA:32,getClient
FNDA:34,generateEmbedding
FNDA:4,generateEmbeddingsBatch
FNDA:29,(anonymous_3)
DA:4,1
DA:7,32
DA:8,32
DA:9,0
DA:11,32
DA:19,34
DA:22,34
DA:23,34
DA:25,2
DA:28,32
DA:29,32
DA:30,32
DA:36,31
DA:38,34
DA:39,1
DA:45,30
DA:47,30
DA:49,2
DA:50,2
DA:58,4
DA:59,4
DA:61,4
DA:62,5
DA:63,5
DA:64,29
DA:65,5
DA:68,5
LF:27
LH:26
BRDA:7,0,0,32
BRDA:7,0,1,0
BRDA:8,1,0,0
BRDA:8,1,1,32
BRDA:23,2,0,2
BRDA:23,2,1,32
BRDA:38,3,0,1
BRDA:38,3,1,33
BRF:8
BRH:6
end_of_record
TN:
SF:src/services/audio/voiceover.ts
FN:22,(anonymous_0)
FN:50,(anonymous_1)
FN:65,(anonymous_2)
FN:113,(anonymous_3)
FN:158,(anonymous_4)
FNF:5
FNH:5
FNDA:14,(anonymous_0)
FNDA:9,(anonymous_1)
FNDA:3,(anonymous_2)
FNDA:2,(anonymous_3)
FNDA:3,(anonymous_4)
DA:23,14
DA:24,14
DA:25,14
DA:27,14
DA:28,5
DA:29,5
DA:30,5
DA:31,9
DA:32,3
DA:33,3
DA:34,3
DA:35,6
DA:36,4
DA:37,4
DA:38,4
DA:40,2
DA:41,2
DA:42,2
DA:51,9
DA:52,1
DA:53,1
DA:56,8
DA:57,3
DA:58,5
DA:59,2
DA:61,3
DA:66,3
DA:80,3
DA:81,3
DA:90,3
DA:91,1
DA:92,1
DA:93,1
DA:96,2
DA:97,2
DA:99,2
DA:100,1
DA:101,1
DA:102,1
DA:103,1
DA:106,1
DA:108,0
DA:109,0
DA:114,2
DA:116,2
DA:117,2
DA:136,2
DA:137,1
DA:138,1
DA:141,1
DA:142,1
DA:144,1
DA:145,0
DA:146,0
DA:147,0
DA:148,0
DA:151,1
DA:153,0
DA:154,0
DA:159,3
DA:160,3
DA:176,3
DA:177,1
DA:178,1
DA:179,1
DA:182,2
DA:183,2
DA:185,3
DA:186,1
DA:187,1
DA:191,1
DA:192,1
DA:193,1
DA:195,1
DA:196,0
DA:197,0
DA:198,0
DA:199,0
DA:202,1
DA:204,0
DA:205,0
DA:210,1
LF:82
LH:68
BRDA:25,0,0,14
BRDA:25,0,1,10
BRDA:27,1,0,5
BRDA:27,1,1,9
BRDA:31,2,0,3
BRDA:31,2,1,6
BRDA:35,3,0,4
BRDA:35,3,1,2
BRDA:51,4,0,1
BRDA:51,4,1,8
BRDA:56,5,0,3
BRDA:56,5,1,5
BRDA:58,6,0,2
BRDA:58,6,1,3
BRDA:70,7,0,3
BRDA:70,7,1,3
BRDA:75,8,0,3
BRDA:75,8,1,3
BRDA:76,9,0,3
BRDA:76,9,1,3
BRDA:90,10,0,1
BRDA:90,10,1,2
BRDA:99,11,0,1
BRDA:99,11,1,1
BRDA:114,12,0,2
BRDA:114,12,1,2
BRDA:136,13,0,1
BRDA:136,13,1,1
BRDA:144,14,0,0
BRDA:144,14,1,1
BRDA:170,15,0,3
BRDA:170,15,1,3
BRDA:171,16,0,3
BRDA:171,16,1,3
BRDA:176,17,0,1
BRDA:176,17,1,2
BRDA:185,18,0,1
BRDA:185,18,1,2
BRDA:195,19,0,0
BRDA:195,19,1,1
BRF:40
BRH:38
end_of_record
TN:
SF:src/services/cache/file-system-cache.ts
FN:15,(anonymous_0)
FN:19,(anonymous_1)
FN:29,(anonymous_2)
FN:35,(anonymous_3)
FN:44,(anonymous_4)
FN:72,(anonymous_5)
FN:90,(anonymous_6)
FN:95,(anonymous_7)
FN:108,(anonymous_8)
FN:113,(anonymous_9)
FNF:10
FNH:9
FNDA:16,(anonymous_0)
FNDA:53,(anonymous_1)
FNDA:24,(anonymous_2)
FNDA:18,(anonymous_3)
FNDA:0,(anonymous_4)
FNDA:15,(anonymous_5)
FNDA:2,(anonymous_6)
FNDA:3,(anonymous_7)
FNDA:17,(anonymous_8)
FNDA:13,(anonymous_9)
DA:12,16
DA:13,16
DA:16,16
DA:20,53
DA:21,16
DA:22,16
DA:23,16
DA:25,0
DA:31,24
DA:32,24
DA:36,18
DA:39,18
DA:40,12
DA:41,12
DA:42,1
DA:44,1
DA:45,1
DA:47,11
DA:50,6
DA:51,6
DA:52,6
DA:53,0
DA:55,0
DA:56,0
DA:57,0
DA:61,0
DA:62,0
DA:65,6
DA:66,0
DA:68,6
DA:73,15
DA:75,15
DA:76,15
DA:79,15
DA:82,15
DA:83,15
DA:84,15
DA:86,0
DA:91,2
DA:92,2
DA:96,3
DA:97,3
DA:98,3
DA:99,3
DA:100,3
DA:102,1
DA:103,0
DA:109,17
DA:110,17
DA:111,17
DA:112,17
DA:113,17
DA:115,0
LF:53
LH:42
BRDA:15,0,0,16
BRDA:20,1,0,37
BRDA:20,1,1,16
BRDA:39,2,0,12
BRDA:39,2,1,6
BRDA:41,3,0,1
BRDA:41,3,1,11
BRDA:41,4,0,12
BRDA:41,4,1,2
BRDA:55,5,0,0
BRDA:55,5,1,0
BRDA:55,6,0,0
BRDA:55,6,1,0
BRDA:65,7,0,0
BRDA:65,7,1,6
BRDA:75,8,0,2
BRDA:75,8,1,13
BRDA:102,9,0,0
BRDA:102,9,1,1
BRF:19
BRH:13
end_of_record
TN:
SF:src/services/cache/key-generator.ts
FN:8,(anonymous_0)
FN:9,(anonymous_1)
FN:16,(anonymous_2)
FNF:3
FNH:3
FNDA:1,(anonymous_0)
FNDA:21,(anonymous_1)
FNDA:3,(anonymous_2)
DA:9,18
DA:10,21
DA:11,16
DA:12,10
DA:15,8
DA:16,3
DA:19,7
DA:20,7
DA:21,7
DA:22,7
DA:23,16
DA:25,7
DA:28,0
DA:31,18
DA:32,18
DA:34,18
LF:16
LH:15
BRDA:8,0,0,18
BRDA:10,1,0,5
BRDA:10,1,1,16
BRDA:11,2,0,6
BRDA:11,2,1,10
BRDA:11,3,0,16
BRDA:11,3,1,12
BRDA:12,4,0,2
BRDA:12,4,1,8
BRDA:12,5,0,10
BRDA:12,5,1,9
BRDA:15,6,0,1
BRDA:15,6,1,7
BRDA:19,7,0,7
BRDA:19,7,1,0
BRDA:34,8,0,5
BRDA:34,8,1,13
BRF:17
BRH:16
end_of_record
TN:
SF:src/services/cache/redis-cache.ts
FN:10,(anonymous_0)
FN:25,(anonymous_1)
FN:30,(anonymous_2)
FN:36,(anonymous_3)
FN:43,(anonymous_4)
FN:55,(anonymous_5)
FN:65,(anonymous_6)
FN:76,(anonymous_7)
FN:85,(anonymous_8)
FN:95,(anonymous_9)
FNF:10
FNH:9
FNDA:14,(anonymous_0)
FNDA:0,(anonymous_1)
FNDA:13,(anonymous_2)
FNDA:13,(anonymous_3)
FNDA:4,(anonymous_4)
FNDA:3,(anonymous_5)
FNDA:3,(anonymous_6)
FNDA:2,(anonymous_7)
FNDA:1,(anonymous_8)
FNDA:2,(anonymous_9)
DA:7,14
DA:11,14
DA:12,14
DA:16,14
DA:23,14
DA:25,14
DA:26,0
DA:27,0
DA:30,14
DA:31,13
DA:32,13
DA:37,13
DA:38,13
DA:39,13
DA:44,4
DA:45,4
DA:46,4
DA:47,3
DA:48,1
DA:50,1
DA:51,1
DA:56,3
DA:57,3
DA:58,3
DA:59,3
DA:61,1
DA:66,3
DA:67,3
DA:68,3
DA:69,2
DA:71,1
DA:72,1
DA:77,2
DA:78,2
DA:79,2
DA:81,1
DA:86,1
DA:87,1
DA:88,1
DA:89,1
DA:91,0
DA:96,2
DA:97,1
DA:98,1
LF:44
LH:41
BRDA:12,0,0,0
BRDA:12,0,1,14
BRDA:23,1,0,14
BRDA:23,1,1,14
BRDA:37,2,0,13
BRDA:37,2,1,0
BRDA:47,3,0,2
BRDA:47,3,1,1
BRDA:58,4,0,3
BRDA:58,4,1,2
BRDA:96,5,0,1
BRDA:96,5,1,1
BRF:12
BRH:10
end_of_record
TN:
SF:src/services/cache/redis-client.ts
FN:37,(anonymous_0)
FN:45,(anonymous_1)
FN:63,(anonymous_2)
FN:68,(anonymous_3)
FN:84,(anonymous_4)
FN:101,(anonymous_5)
FN:123,(anonymous_6)
FN:140,(anonymous_7)
FN:159,(anonymous_8)
FN:180,(anonymous_9)
FN:192,getCacheClient
FN:199,initializeCache
FNF:12
FNH:9
FNDA:13,(anonymous_0)
FNDA:11,(anonymous_1)
FNDA:0,(anonymous_2)
FNDA:9,(anonymous_3)
FNDA:4,(anonymous_4)
FNDA:3,(anonymous_5)
FNDA:2,(anonymous_6)
FNDA:2,(anonymous_7)
FNDA:1,(anonymous_8)
FNDA:1,(anonymous_9)
FNDA:0,getCacheClient
FNDA:0,initializeCache
DA:32,13
DA:35,13
DA:38,13
DA:39,13
DA:46,11
DA:47,1
DA:48,1
DA:51,10
DA:52,10
DA:56,11
DA:63,11
DA:64,0
DA:65,0
DA:68,11
DA:69,9
DA:70,9
DA:73,11
DA:74,1
DA:76,9
DA:77,9
DA:85,4
DA:93,4
DA:94,4
DA:95,4
DA:102,3
DA:104,2
DA:105,2
DA:106,2
DA:108,2
DA:109,1
DA:110,1
DA:113,1
DA:115,0
DA:116,0
DA:124,2
DA:126,2
DA:127,2
DA:128,2
DA:129,1
DA:130,1
DA:132,1
DA:133,1
DA:141,2
DA:143,2
DA:144,2
DA:145,2
DA:146,1
DA:147,1
DA:149,2
DA:151,0
DA:152,0
DA:160,1
DA:162,1
DA:163,1
DA:164,1
DA:165,1
DA:167,1
DA:172,0
DA:173,0
DA:181,1
DA:182,1
DA:183,1
DA:184,1
DA:190,1
DA:193,0
DA:194,0
DA:196,0
DA:200,0
DA:201,0
LF:69
LH:56
BRDA:38,0,0,13
BRDA:38,0,1,12
BRDA:46,1,0,1
BRDA:46,1,1,10
BRDA:52,2,0,0
BRDA:52,2,1,10
BRDA:87,3,0,4
BRDA:87,3,1,2
BRDA:88,4,0,4
BRDA:88,4,1,4
BRDA:89,5,0,4
BRDA:89,5,1,2
BRDA:90,6,0,4
BRDA:90,6,1,4
BRDA:102,7,0,1
BRDA:102,7,1,2
BRDA:102,8,0,3
BRDA:102,8,1,2
BRDA:108,9,0,1
BRDA:108,9,1,1
BRDA:124,10,0,0
BRDA:124,10,1,2
BRDA:124,11,0,2
BRDA:124,11,1,2
BRDA:141,12,0,0
BRDA:141,12,1,2
BRDA:141,13,0,2
BRDA:141,13,1,2
BRDA:145,14,0,1
BRDA:145,14,1,1
BRDA:160,15,0,0
BRDA:160,15,1,1
BRDA:160,16,0,1
BRDA:160,16,1,1
BRDA:169,17,0,1
BRDA:169,17,1,0
BRDA:181,18,0,1
BRDA:181,18,1,0
BRDA:193,19,0,0
BRDA:193,19,1,0
BRF:40
BRH:32
end_of_record
TN:
SF:src/services/cache/types.ts
FNF:0
FNH:0
LF:0
LH:0
BRF:0
BRH:0
end_of_record
TN:
SF:src/services/indexing/hybrid-indexer.ts
FN:34,(anonymous_0)
FN:42,(anonymous_1)
FN:75,(anonymous_2)
FN:86,(anonymous_3)
FN:135,(anonymous_4)
FN:148,(anonymous_5)
FN:155,(anonymous_6)
FN:161,createHybridIndexer
FNF:8
FNH:8
FNDA:16,(anonymous_0)
FNDA:11,(anonymous_1)
FNDA:18,(anonymous_2)
FNDA:16,(anonymous_3)
FNDA:2,(anonymous_4)
FNDA:1,(anonymous_5)
FNDA:2,(anonymous_6)
FNDA:1,createHybridIndexer
DA:35,16
DA:36,16
DA:43,11
DA:45,11
DA:49,11
DA:50,11
DA:59,1
DA:60,1
DA:61,1
DA:64,10
DA:65,1
DA:66,1
DA:67,1
DA:70,9
DA:74,9
DA:75,18
DA:76,9
DA:78,1
DA:79,1
DA:80,1
DA:83,8
DA:86,16
DA:110,8
DA:111,8
DA:113,7
DA:114,1
DA:117,7
DA:119,7
DA:126,1
DA:127,1
DA:128,1
DA:136,2
DA:139,2
DA:142,2
DA:149,1
DA:156,2
DA:162,1
LF:37
LH:37
BRDA:35,0,0,16
BRDA:35,0,1,16
BRDA:36,1,0,16
BRDA:36,1,1,16
BRDA:64,2,0,1
BRDA:64,2,1,9
BRDA:113,3,0,1
BRDA:113,3,1,6
BRDA:155,4,0,2
BRF:9
BRH:9
end_of_record
TN:
SF:src/services/indexing/text-chunker.ts
FN:38,(anonymous_0)
FN:56,(anonymous_1)
FN:63,(anonymous_2)
FN:70,(anonymous_3)
FN:99,(anonymous_4)
FN:179,(anonymous_5)
FN:246,(anonymous_6)
FN:272,(anonymous_7)
FN:274,(anonymous_8)
FN:289,(anonymous_9)
FN:320,(anonymous_10)
FN:331,(anonymous_11)
FN:334,(anonymous_12)
FN:358,(anonymous_13)
FN:365,(anonymous_14)
FN:372,(anonymous_15)
FN:381,(anonymous_16)
FN:382,(anonymous_17)
FN:394,(anonymous_18)
FN:403,(anonymous_19)
FN:426,(anonymous_20)
FN:438,(anonymous_21)
FN:456,createTextChunker
FNF:23
FNH:21
FNDA:20,(anonymous_0)
FNDA:6,(anonymous_1)
FNDA:38,(anonymous_2)
FNDA:5,(anonymous_3)
FNDA:8,(anonymous_4)
FNDA:4,(anonymous_5)
FNDA:4,(anonymous_6)
FNDA:1,(anonymous_7)
FNDA:2,(anonymous_8)
FNDA:4,(anonymous_9)
FNDA:10,(anonymous_10)
FNDA:99,(anonymous_11)
FNDA:9,(anonymous_12)
FNDA:7,(anonymous_13)
FNDA:70,(anonymous_14)
FNDA:4,(anonymous_15)
FNDA:9,(anonymous_16)
FNDA:9,(anonymous_17)
FNDA:9,(anonymous_18)
FNDA:4,(anonymous_19)
FNDA:0,(anonymous_20)
FNDA:0,(anonymous_21)
FNDA:1,createTextChunker
DA:39,20
DA:40,20
DA:41,20
DA:42,20
DA:44,20
DA:45,2
DA:48,18
DA:57,6
DA:64,38
DA:79,5
DA:80,4
DA:81,4
DA:82,4
DA:83,4
DA:84,4
DA:87,0
DA:92,1
DA:93,1
DA:100,8
DA:101,2
DA:102,2
DA:105,6
DA:107,6
DA:108,1
DA:112,1
DA:113,1
DA:129,0
DA:132,5
DA:133,5
DA:134,5
DA:136,5
DA:137,14
DA:138,14
DA:140,14
DA:141,14
DA:144,14
DA:145,14
DA:148,14
DA:149,14
DA:151,14
DA:166,14
DA:167,14
DA:169,14
DA:172,5
DA:173,5
DA:186,4
DA:187,4
DA:190,4
DA:191,4
DA:192,0
DA:193,0
DA:197,4
DA:199,4
DA:200,4
DA:202,4
DA:204,4
DA:205,9
DA:206,9
DA:207,9
DA:209,9
DA:211,9
DA:214,9
DA:216,4
DA:217,4
DA:218,4
DA:220,0
DA:222,0
DA:223,0
DA:226,0
DA:227,0
DA:228,0
DA:236,0
DA:240,4
DA:247,4
DA:248,1
DA:249,1
DA:250,1
DA:251,0
DA:253,1
DA:254,1
DA:257,0
DA:261,3
DA:262,1
DA:265,2
DA:266,2
DA:269,0
DA:273,1
DA:274,1
DA:275,2
DA:276,2
DA:277,2
DA:278,2
DA:280,0
DA:283,1
DA:290,4
DA:291,4
DA:293,4
DA:294,10
DA:297,10
DA:300,10
DA:303,9
DA:304,0
DA:305,0
DA:309,9
DA:310,0
DA:311,0
DA:314,9
DA:317,4
DA:321,10
DA:322,10
DA:327,10
DA:328,1
DA:331,99
DA:335,9
DA:336,9
DA:339,9
DA:340,0
DA:344,9
DA:345,9
DA:346,0
DA:347,0
DA:348,0
DA:350,0
DA:351,0
DA:355,9
DA:359,7
DA:360,7
DA:363,7
DA:364,7
DA:365,70
DA:366,7
DA:369,7
DA:379,4
DA:381,9
DA:382,9
DA:383,4
DA:386,4
DA:387,0
DA:388,0
DA:389,0
DA:390,0
DA:391,0
DA:394,9
DA:395,4
DA:396,4
DA:397,1
DA:400,4
DA:410,4
DA:435,0
DA:436,0
DA:438,0
DA:457,1
LF:152
LH:119
BRDA:39,0,0,20
BRDA:39,0,1,1
BRDA:44,1,0,2
BRDA:44,1,1,18
BRDA:57,2,0,6
BRDA:57,2,1,0
BRDA:79,3,0,4
BRDA:79,3,1,1
BRDA:82,4,0,4
BRDA:82,4,1,0
BRDA:100,5,0,2
BRDA:100,5,1,6
BRDA:100,6,0,8
BRDA:100,6,1,7
BRDA:107,7,0,1
BRDA:107,7,1,5
BRDA:112,8,0,1
BRDA:112,8,1,0
BRDA:144,9,0,9
BRDA:144,9,1,5
BRDA:148,10,0,9
BRDA:148,10,1,5
BRDA:149,11,0,9
BRDA:149,11,1,5
BRDA:169,12,0,5
BRDA:169,12,1,9
BRDA:187,13,0,0
BRDA:187,13,1,4
BRDA:191,14,0,0
BRDA:191,14,1,4
BRDA:206,15,0,9
BRDA:206,15,1,0
BRDA:209,16,0,9
BRDA:209,16,1,0
BRDA:214,17,0,4
BRDA:214,17,1,5
BRDA:214,18,0,9
BRDA:214,18,1,5
BRDA:215,19,0,5
BRDA:215,19,1,0
BRDA:220,20,0,0
BRDA:220,20,1,0
BRDA:247,21,0,1
BRDA:247,21,1,3
BRDA:250,22,0,0
BRDA:250,22,1,1
BRDA:253,23,0,1
BRDA:253,23,1,0
BRDA:261,24,0,1
BRDA:261,24,1,2
BRDA:265,25,0,2
BRDA:265,25,1,0
BRDA:275,26,0,2
BRDA:275,26,1,0
BRDA:275,27,0,2
BRDA:275,27,1,2
BRDA:276,28,0,2
BRDA:276,28,1,0
BRDA:276,28,2,0
BRDA:277,29,0,2
BRDA:277,29,1,0
BRDA:277,29,2,0
BRDA:297,30,0,0
BRDA:297,30,1,10
BRDA:300,31,0,1
BRDA:300,31,1,9
BRDA:303,32,0,0
BRDA:303,32,1,9
BRDA:309,33,0,0
BRDA:309,33,1,9
BRDA:309,34,0,9
BRDA:309,34,1,7
BRDA:327,35,0,1
BRDA:327,35,1,9
BRDA:327,36,0,10
BRDA:327,36,1,9
BRDA:331,37,0,99
BRDA:331,37,1,0
BRDA:339,38,0,0
BRDA:339,38,1,9
BRDA:339,39,0,9
BRDA:339,39,1,9
BRDA:345,40,0,0
BRDA:345,40,1,9
BRDA:348,41,0,0
BRDA:348,41,1,0
BRDA:350,42,0,0
BRDA:350,42,1,0
BRDA:364,43,0,7
BRDA:364,43,1,0
BRDA:366,44,0,0
BRDA:366,44,1,7
BRDA:379,45,0,0
BRDA:379,45,1,4
BRDA:386,46,0,0
BRDA:386,46,1,4
BRDA:386,47,0,4
BRDA:386,47,1,4
BRDA:390,48,0,0
BRDA:390,48,1,0
BRDA:396,49,0,1
BRDA:396,49,1,3
BRF:102
BRH:68
end_of_record
TN:
SF:src/services/monitoring/langfuse.ts
FN:13,createAgentTrace
FN:37,withTrace
FN:41,getCurrentTraceId
FNF:3
FNH:0
FNDA:0,createAgentTrace
FNDA:0,withTrace
FNDA:0,getCurrentTraceId
DA:4,0
DA:6,0
DA:14,0
DA:18,0
DA:19,0
DA:26,0
DA:38,0
DA:42,0
LF:8
LH:0
BRDA:18,0,0,0
BRDA:18,0,1,0
BRF:2
BRH:0
end_of_record
TN:
SF:src/services/opensearch/client.ts
FN:52,(anonymous_0)
FN:71,(anonymous_1)
FN:81,(anonymous_2)
FN:112,(anonymous_3)
FN:118,(anonymous_4)
FN:148,(anonymous_5)
FN:200,(anonymous_6)
FN:238,(anonymous_7)
FN:285,(anonymous_8)
FN:344,(anonymous_9)
FN:359,(anonymous_10)
FN:387,(anonymous_11)
FN:420,(anonymous_12)
FN:424,(anonymous_13)
FN:447,(anonymous_14)
FN:461,(anonymous_15)
FN:483,(anonymous_16)
FN:506,(anonymous_17)
FN:507,(anonymous_18)
FN:530,(anonymous_19)
FN:536,createOpenSearchClient
FNF:21
FNH:21
FNDA:39,(anonymous_0)
FNDA:4,(anonymous_1)
FNDA:3,(anonymous_2)
FNDA:3,(anonymous_3)
FNDA:3,(anonymous_4)
FNDA:3,(anonymous_5)
FNDA:5,(anonymous_6)
FNDA:3,(anonymous_7)
FNDA:4,(anonymous_8)
FNDA:2,(anonymous_9)
FNDA:3,(anonymous_10)
FNDA:3,(anonymous_11)
FNDA:3,(anonymous_12)
FNDA:6,(anonymous_13)
FNDA:4,(anonymous_14)
FNDA:3,(anonymous_15)
FNDA:2,(anonymous_16)
FNDA:10,(anonymous_17)
FNDA:8,(anonymous_18)
FNDA:1,(anonymous_19)
FNDA:2,createOpenSearchClient
DA:53,39
DA:54,39
DA:55,39
DA:57,39
DA:59,39
DA:64,39
DA:72,4
DA:73,4
DA:74,3
DA:76,1
DA:77,1
DA:87,3
DA:88,3
DA:89,2
DA:90,1
DA:93,1
DA:94,1
DA:96,3
DA:103,1
DA:104,1
DA:113,3
DA:114,3
DA:115,3
DA:119,3
DA:120,3
DA:122,3
DA:123,1
DA:124,1
DA:127,3
DA:129,2
DA:130,2
DA:132,2
DA:136,2
DA:137,2
DA:140,1
DA:141,1
DA:143,0
DA:144,0
DA:149,3
DA:150,3
DA:152,3
DA:153,1
DA:154,1
DA:158,1
DA:165,3
DA:166,3
DA:170,2
DA:171,2
DA:176,1
DA:185,1
DA:186,1
DA:188,0
DA:189,0
DA:209,5
DA:211,5
DA:220,5
DA:222,5
DA:223,5
DA:228,4
DA:230,1
DA:231,1
DA:245,3
DA:247,3
DA:248,3
DA:261,3
DA:262,1
DA:270,3
DA:275,2
DA:277,1
DA:278,1
DA:294,4
DA:296,4
DA:298,4
DA:307,4
DA:308,4
DA:311,4
DA:327,4
DA:334,4
DA:340,3
DA:343,3
DA:344,2
DA:345,1
DA:348,3
DA:349,3
DA:351,1
DA:352,1
DA:371,3
DA:373,3
DA:374,2
DA:377,1
DA:388,3
DA:389,3
DA:404,3
DA:410,2
DA:412,1
DA:413,1
DA:423,3
DA:424,6
DA:442,3
DA:447,4
DA:448,2
DA:450,2
DA:451,2
DA:453,1
DA:454,1
DA:462,3
DA:463,3
DA:471,2
DA:472,3
DA:473,3
DA:475,1
DA:476,1
DA:484,2
DA:485,2
DA:495,1
DA:497,1
DA:498,1
DA:507,10
DA:521,10
DA:531,1
DA:537,2
LF:121
LH:117
BRDA:54,0,0,39
BRDA:54,0,1,39
BRDA:55,1,0,39
BRDA:55,1,1,38
BRDA:89,2,0,1
BRDA:89,2,1,1
BRDA:99,3,0,3
BRDA:99,3,1,0
BRDA:112,4,0,3
BRDA:118,5,0,3
BRDA:122,6,0,1
BRDA:122,6,1,2
BRDA:122,7,0,3
BRDA:122,7,1,1
BRDA:127,8,0,2
BRDA:127,8,1,1
BRDA:127,9,0,3
BRDA:127,9,1,2
BRDA:148,10,0,3
BRDA:152,11,0,1
BRDA:152,11,1,2
BRDA:202,12,0,5
BRDA:209,13,0,5
BRDA:209,14,0,5
BRDA:209,15,0,5
BRDA:240,16,0,3
BRDA:245,17,0,3
BRDA:261,18,0,1
BRDA:261,18,1,2
BRDA:261,19,0,3
BRDA:261,19,1,1
BRDA:288,20,0,4
BRDA:294,21,0,4
BRDA:294,22,0,4
BRDA:343,23,0,1
BRDA:343,23,1,2
BRDA:362,24,0,3
BRDA:371,25,0,3
BRDA:373,26,0,2
BRDA:373,26,1,1
BRDA:373,27,0,3
BRDA:373,27,1,2
BRDA:471,28,0,2
BRDA:471,28,1,1
BRDA:522,29,0,10
BRDA:522,29,1,7
BRDA:522,29,2,5
BRF:47
BRH:46
end_of_record
TN:
SF:src/services/opensearch/index-config.ts
FNF:0
FNH:0
DA:9,2
DA:15,2
DA:110,2
LF:3
LH:3
BRF:0
BRH:0
end_of_record
TN:
SF:src/services/opensearch/query-builder.ts
FN:38,(anonymous_0)
FN:57,(anonymous_1)
FN:69,(anonymous_2)
FN:93,(anonymous_3)
FN:106,(anonymous_4)
FN:116,(anonymous_5)
FN:123,(anonymous_6)
FN:174,(anonymous_7)
FNF:8
FNH:8
FNDA:33,(anonymous_0)
FNDA:33,(anonymous_1)
FNDA:33,(anonymous_2)
FNDA:30,(anonymous_3)
FNDA:33,(anonymous_4)
FNDA:33,(anonymous_5)
FNDA:33,(anonymous_6)
FNDA:33,(anonymous_7)
DA:39,33
DA:40,33
DA:41,33
DA:42,33
DA:43,33
DA:44,33
DA:45,33
DA:48,33
DA:49,1
DA:50,32
DA:51,13
DA:53,19
DA:58,33
DA:70,33
DA:72,33
DA:73,30
DA:76,33
DA:78,33
DA:80,33
DA:81,30
DA:83,3
DA:86,33
DA:87,1
DA:90,33
DA:94,30
DA:107,33
DA:109,33
DA:110,1
DA:113,33
DA:117,33
DA:118,13
DA:120,20
DA:124,33
DA:125,13
DA:151,20
DA:175,33
DA:176,1
DA:181,32
DA:182,3
DA:188,29
LF:40
LH:40
BRDA:40,0,0,33
BRDA:40,0,1,23
BRDA:41,1,0,33
BRDA:41,1,1,23
BRDA:43,2,0,33
BRDA:43,2,1,33
BRDA:44,3,0,33
BRDA:44,3,1,23
BRDA:45,4,0,33
BRDA:45,4,1,20
BRDA:48,5,0,1
BRDA:48,5,1,32
BRDA:50,6,0,13
BRDA:50,6,1,19
BRDA:72,7,0,30
BRDA:72,7,1,3
BRDA:80,8,0,30
BRDA:80,8,1,3
BRDA:86,9,0,1
BRDA:86,9,1,32
BRDA:109,10,0,1
BRDA:109,10,1,32
BRDA:109,11,0,33
BRDA:109,11,1,2
BRDA:117,12,0,13
BRDA:117,12,1,20
BRDA:124,13,0,13
BRDA:124,13,1,20
BRDA:175,14,0,1
BRDA:175,14,1,32
BRDA:181,15,0,3
BRDA:181,15,1,29
BRF:32
BRH:32
end_of_record
TN:
SF:src/services/queue/event-bus.ts
FNF:0
FNH:0
DA:3,0
LF:1
LH:0
BRF:0
BRH:0
end_of_record
TN:
SF:src/services/queue/simple-queue.ts
FN:21,(anonymous_0)
FN:26,(anonymous_1)
FN:42,(anonymous_2)
FN:46,(anonymous_3)
FN:49,(anonymous_4)
FN:72,(anonymous_5)
FNF:6
FNH:6
FNDA:17,(anonymous_0)
FNDA:15,(anonymous_1)
FNDA:4,(anonymous_2)
FNDA:30,(anonymous_3)
FNDA:31,(anonymous_4)
FNDA:15,(anonymous_5)
DA:17,17
DA:18,17
DA:22,17
DA:23,17
DA:27,15
DA:36,15
DA:37,15
DA:38,15
DA:39,15
DA:43,4
DA:47,30
DA:49,31
DA:50,29
DA:52,15
DA:53,15
DA:54,15
DA:55,15
DA:56,15
DA:58,15
DA:59,15
DA:60,13
DA:61,13
DA:62,13
DA:64,2
DA:65,2
DA:66,2
DA:68,15
DA:69,15
DA:70,15
DA:72,15
LF:30
LH:30
BRDA:47,0,0,1
BRDA:47,0,1,29
BRDA:50,1,0,14
BRDA:50,1,1,15
BRF:4
BRH:4
end_of_record
TN:
SF:src/testing/golden-llm.ts
FN:34,(anonymous_0)
FN:41,(anonymous_1)
FN:49,(anonymous_2)
FN:61,(anonymous_3)
FN:69,(anonymous_4)
FN:87,(anonymous_5)
FN:95,(anonymous_6)
FN:102,(anonymous_7)
FNF:8
FNH:0
FNDA:0,(anonymous_0)
FNDA:0,(anonymous_1)
FNDA:0,(anonymous_2)
FNDA:0,(anonymous_3)
FNDA:0,(anonymous_4)
FNDA:0,(anonymous_5)
FNDA:0,(anonymous_6)
FNDA:0,(anonymous_7)
DA:30,0
DA:35,0
DA:36,0
DA:38,0
DA:42,0
DA:44,0
DA:45,0
DA:46,0
DA:49,0
DA:51,0
DA:52,0
DA:55,0
DA:58,0
DA:62,0
DA:70,0
DA:71,0
DA:73,0
DA:75,0
DA:76,0
DA:77,0
DA:80,0
DA:81,0
DA:88,0
DA:89,0
DA:96,0
DA:103,0
LF:26
LH:0
BRDA:36,0,0,0
BRDA:36,0,1,0
BRDA:44,1,0,0
BRDA:44,1,1,0
BRDA:75,2,0,0
BRDA:75,2,1,0
BRF:6
BRH:0
end_of_record
TN:
SF:src/testing/mock-opensearch.ts
FN:25,(anonymous_0)
FN:42,(anonymous_1)
FN:46,(anonymous_2)
FN:50,(anonymous_3)
FN:68,(anonymous_4)
FN:75,(anonymous_5)
FN:78,(anonymous_6)
FN:93,(anonymous_7)
FN:94,(anonymous_8)
FN:96,(anonymous_9)
FN:105,(anonymous_10)
FN:115,(anonymous_11)
FN:123,(anonymous_12)
FN:128,(anonymous_13)
FN:133,(anonymous_14)
FN:138,(anonymous_15)
FN:143,(anonymous_16)
FN:145,(anonymous_17)
FN:146,(anonymous_18)
FNF:19
FNH:0
FNDA:0,(anonymous_0)
FNDA:0,(anonymous_1)
FNDA:0,(anonymous_2)
FNDA:0,(anonymous_3)
FNDA:0,(anonymous_4)
FNDA:0,(anonymous_5)
FNDA:0,(anonymous_6)
FNDA:0,(anonymous_7)
FNDA:0,(anonymous_8)
FNDA:0,(anonymous_9)
FNDA:0,(anonymous_10)
FNDA:0,(anonymous_11)
FNDA:0,(anonymous_12)
FNDA:0,(anonymous_13)
FNDA:0,(anonymous_14)
FNDA:0,(anonymous_15)
FNDA:0,(anonymous_16)
FNDA:0,(anonymous_17)
FNDA:0,(anonymous_18)
DA:22,0
DA:23,0
DA:26,0
DA:27,0
DA:28,0
DA:30,0
DA:31,0
DA:32,0
DA:35,0
DA:36,0
DA:37,0
DA:43,0
DA:47,0
DA:51,0
DA:73,0
DA:75,0
DA:78,0
DA:79,0
DA:80,0
DA:82,0
DA:83,0
DA:84,0
DA:85,0
DA:88,0
DA:92,0
DA:93,0
DA:94,0
DA:96,0
DA:98,0
DA:99,0
DA:109,0
DA:119,0
DA:121,0
DA:123,0
DA:125,0
DA:129,0
DA:130,0
DA:134,0
DA:135,0
DA:139,0
DA:140,0
DA:144,0
DA:145,0
DA:146,0
LF:44
LH:0
BRDA:26,0,0,0
BRDA:26,0,1,0
BRDA:26,1,0,0
BRDA:26,1,1,0
BRDA:30,2,0,0
BRDA:30,2,1,0
BRDA:35,3,0,0
BRDA:35,3,1,0
BRDA:53,4,0,0
BRDA:53,4,1,0
BRDA:53,4,2,0
BRDA:54,5,0,0
BRDA:54,5,1,0
BRDA:54,5,2,0
BRDA:55,6,0,0
BRDA:55,6,1,0
BRDA:56,7,0,0
BRDA:56,7,1,0
BRDA:57,8,0,0
BRDA:57,8,1,0
BRDA:58,9,0,0
BRDA:58,9,1,0
BRDA:59,10,0,0
BRDA:59,10,1,0
BRDA:71,11,0,0
BRDA:79,12,0,0
BRDA:79,12,1,0
BRDA:79,12,2,0
BRDA:80,13,0,0
BRDA:80,13,1,0
BRDA:80,13,2,0
BRDA:84,14,0,0
BRDA:84,14,1,0
BRDA:85,15,0,0
BRDA:85,15,1,0
BRDA:107,16,0,0
BRDA:117,17,0,0
BRF:37
BRH:0
end_of_record
TN:
SF:src/types/comic.ts
FNF:0
FNH:0
LF:0
LH:0
BRF:0
BRH:0
end_of_record
TN:
SF:src/utils/error-handler.ts
FN:9,(anonymous_0)
FN:26,(anonymous_1)
FN:45,(anonymous_2)
FN:58,(anonymous_3)
FN:72,(anonymous_4)
FN:86,(anonymous_5)
FN:101,(anonymous_6)
FN:125,(anonymous_7)
FNF:8
FNH:8
FNDA:1,(anonymous_0)
FNDA:1,(anonymous_1)
FNDA:1,(anonymous_2)
FNDA:1,(anonymous_3)
FNDA:1,(anonymous_4)
FNDA:1,(anonymous_5)
FNDA:1,(anonymous_6)
FNDA:2,(anonymous_7)
DA:10,27
DA:12,27
DA:13,16
DA:16,11
DA:17,9
DA:20,2
DA:27,5
DA:29,5
DA:31,3
DA:32,3
DA:35,5
DA:36,1
DA:39,5
DA:46,5
DA:47,5
DA:59,6
DA:60,6
DA:73,6
DA:74,6
DA:87,4
DA:90,4
DA:91,4
DA:92,4
DA:93,4
DA:95,4
DA:109,3
DA:110,5
DA:111,5
DA:113,3
DA:115,3
DA:116,1
DA:120,2
DA:125,2
DA:129,3
LF:34
LH:34
BRDA:10,0,0,2
BRDA:10,0,1,25
BRDA:12,1,0,16
BRDA:12,1,1,11
BRDA:16,2,0,9
BRDA:16,2,1,2
BRDA:29,3,0,3
BRDA:29,3,1,2
BRDA:35,4,0,1
BRDA:35,4,1,4
BRDA:48,5,0,5
BRDA:48,5,1,4
BRDA:48,5,2,3
BRDA:48,5,3,2
BRDA:61,6,0,6
BRDA:61,6,1,5
BRDA:61,6,2,4
BRDA:61,6,3,3
BRDA:61,6,4,2
BRDA:75,7,0,6
BRDA:75,7,1,4
BRDA:75,7,2,4
BRDA:75,7,3,3
BRDA:75,7,4,2
BRDA:103,8,0,3
BRDA:104,9,0,3
BRDA:105,10,0,3
BRDA:115,11,0,1
BRDA:115,11,1,2
BRF:29
BRH:29
end_of_record
TN:
SF:src/utils/logger.ts
FN:8,(anonymous_0)
FN:19,(anonymous_1)
FN:29,(anonymous_2)
FN:35,(anonymous_3)
FN:41,(anonymous_4)
FN:47,(anonymous_5)
FNF:6
FNH:6
FNDA:1,(anonymous_0)
FNDA:14,(anonymous_1)
FNDA:3,(anonymous_2)
FNDA:5,(anonymous_3)
FNDA:4,(anonymous_4)
FNDA:3,(anonymous_5)
DA:8,1
DA:9,1
DA:10,1
DA:11,1
DA:12,1
DA:17,14
DA:20,14
DA:23,14
DA:24,14
DA:25,5
DA:30,3
DA:31,2
DA:36,5
DA:37,3
DA:42,4
DA:43,3
DA:48,3
DA:49,3
LF:18
LH:18
BRDA:8,0,0,1
BRDA:8,0,1,1
BRDA:24,1,0,5
BRDA:24,1,1,9
BRDA:24,2,0,14
BRDA:24,2,1,13
BRDA:30,3,0,2
BRDA:30,3,1,1
BRDA:36,4,0,3
BRDA:36,4,1,2
BRDA:42,5,0,3
BRDA:42,5,1,1
BRDA:48,6,0,3
BRDA:48,6,1,0
BRF:14
BRH:13
end_of_record
TN:
SF:src/utils/read_url.ts
FN:5,readUrlContent
FNF:1
FNH:0
FNDA:0,readUrlContent
DA:6,0
DA:7,0
DA:8,0
DA:9,0
DA:10,0
DA:12,0
DA:17,0
DA:18,0
DA:19,0
DA:20,0
DA:22,0
DA:24,0
DA:25,0
LF:13
LH:0
BRDA:9,0,0,0
BRDA:9,0,1,0
BRF:2
BRH:0
end_of_record
TN:
SF:src/utils/supabase.ts
FNF:0
FNH:0
DA:4,0
DA:5,0
DA:7,0
DA:8,0
DA:11,0
LF:5
LH:0
BRDA:7,0,0,0
BRDA:7,0,1,0
BRDA:7,1,0,0
BRDA:7,1,1,0
BRF:4
BRH:0
end_of_record
TN:
SF:src/utils/validation.ts
FN:4,(anonymous_0)
FN:11,(anonymous_1)
FN:18,(anonymous_2)
FNF:3
FNH:3
FNDA:7,(anonymous_0)
FNDA:1,(anonymous_1)
FNDA:1,(anonymous_2)
DA:4,7
DA:5,7
DA:6,7
DA:12,4
DA:13,3
DA:15,1
DA:19,12
DA:25,12
DA:26,2
DA:28,10
LF:10
LH:10
BRDA:12,0,0,3
BRDA:12,0,1,1
BRDA:12,1,0,4
BRDA:12,1,1,2
BRDA:25,2,0,2
BRDA:25,2,1,10
BRF:6
BRH:6
end_of_record
